<?xml version="1.0" ?>
<testsuites errors="0" failures="0" name="ABLUnit" tests="0"><testsuite name="C:\Users\dpachipu\git\oe-prj-che\Operations\src\Factorial.p" tests="0" time="0"/><testsuite name="C:\Users\dpachipu\git\oe-prj-che\Operations\src\custom.p" tests="0" time=".001"/><testsuite name="C:\Users\dpachipu\git\oe-prj-che\Operations\src\BasicOperations.cls" tests="0" time=".001"/><testsuite name="C:\Users\dpachipu\git\oe-prj-che\Operations\src\Operations.cls" tests="0" time=".361"/></testsuites>